<?xml version="1.0" encoding="UTF-8"?>
<!-- Generated by org.testng.reporters.JUnitReportReporter -->
<testsuite ignored="0" hostname="LAPTOP-1OV7NF5L" failures="0" tests="1" name="com.TestCases.TestCase04" time="60.069" errors="0" timestamp="03 Apr 2022 13:50:18 GMT" skipped="0">
  <testcase classname="com.TestCases.TestCase04" name="accounts" time="60.069"/>
</testsuite> <!-- com.TestCases.TestCase04 -->
