<?xml version="1.0" encoding="UTF-8"?>
<!-- Generated by org.testng.reporters.JUnitReportReporter -->
<testsuite ignored="0" hostname="LAPTOP-1OV7NF5L" failures="0" tests="2" name="sampleTestNg.HierachyAnnotations" time="0.033" errors="0" timestamp="26 Mar 2022 21:39:52 GMT" skipped="0">
  <testcase classname="sampleTestNg.HierachyAnnotations" name="test" time="0.016"/>
  <testcase classname="sampleTestNg.HierachyAnnotations" name="test2" time="0.017"/>
</testsuite> <!-- sampleTestNg.HierachyAnnotations -->
