<?xml version="1.0" encoding="UTF-8"?>
<!-- Generated by org.testng.reporters.JUnitReportReporter -->
<testsuite ignored="0" hostname="LAPTOP-1OV7NF5L" failures="0" tests="1" name="com.TestCases.TestCase05" time="35.152" errors="0" timestamp="03 Apr 2022 23:15:41 GMT" skipped="0">
  <testcase classname="com.TestCases.TestCase05" name="opportunities" time="35.152"/>
</testsuite> <!-- com.TestCases.TestCase05 -->
