<?xml version="1.0" encoding="UTF-8"?>
<!-- Generated by org.testng.reporters.JUnitReportReporter -->
<testsuite ignored="2" hostname="LAPTOP-1OV7NF5L" failures="0" tests="1" name="com.TestCases.TestCase02" time="13.500" errors="0" timestamp="03 Apr 2022 12:34:24 GMT" skipped="0">
  <testcase classname="com.TestCases.TestCase02" name="userMenu" time="13.500"/>
  <testcase classname="com.CommonFuctions.CommonFuctions" name="teardown">
    <skipped/>
  </testcase> <!-- teardown -->
  <testcase classname="com.CommonFuctions.CommonFuctions" name="launchBrowser">
    <skipped/>
  </testcase> <!-- launchBrowser -->
</testsuite> <!-- com.TestCases.TestCase02 -->
