<?xml version="1.0" encoding="UTF-8"?>
<!-- Generated by org.testng.reporters.JUnitReportReporter -->
<testsuite ignored="1" hostname="LAPTOP-1OV7NF5L" failures="0" tests="1" name="sampleTestNg.Asserstions" time="0.008" errors="0" timestamp="26 Mar 2022 21:18:49 GMT" skipped="0">
  <testcase classname="sampleTestNg.Asserstions" name="checkequal" time="0.008"/>
  <testcase classname="sampleTestNg.TestNgTestCase" name="setting">
    <skipped/>
  </testcase> <!-- setting -->
</testsuite> <!-- sampleTestNg.Asserstions -->
