<?xml version="1.0" encoding="UTF-8"?>
<!-- Generated by org.testng.reporters.JUnitReportReporter -->
<testsuite ignored="0" hostname="LAPTOP-1OV7NF5L" failures="0" tests="1" name="com.TestCases.Accounts" time="12.816" errors="0" timestamp="07 Apr 2022 14:42:49 GMT" skipped="0">
  <testcase classname="com.TestCases.Accounts" name="newView" time="12.816"/>
</testsuite> <!-- com.TestCases.Accounts -->
