<?xml version="1.0" encoding="UTF-8"?>
<!-- Generated by org.testng.reporters.JUnitReportReporter -->
<testsuite ignored="1" hostname="LAPTOP-1OV7NF5L" failures="0" tests="3" name="sampleTestNg.DependiesMangement" time="32.864" errors="0" timestamp="26 Mar 2022 21:18:48 GMT" skipped="0">
  <testcase classname="sampleTestNg.DependiesMangement" name="openAmazon" time="14.637"/>
  <testcase classname="sampleTestNg.DependiesMangement" name="openGoogle" time="8.471"/>
  <testcase classname="sampleTestNg.DependiesMangement" name="openSalesforce" time="9.756"/>
  <testcase classname="sampleTestNg.TestNgTestCase" name="setting">
    <skipped/>
  </testcase> <!-- setting -->
</testsuite> <!-- sampleTestNg.DependiesMangement -->
