<?xml version="1.0" encoding="UTF-8"?>
<!-- Generated by org.testng.reporters.JUnitReportReporter -->
<testsuite ignored="0" hostname="LAPTOP-1OV7NF5L" failures="0" tests="1" name="sampleTestNg.ListenerExample" time="23.792" errors="0" timestamp="26 Mar 2022 22:37:01 GMT" skipped="0">
  <testcase classname="sampleTestNg.ListenerExample" name="openSalesforce" time="23.792"/>
</testsuite> <!-- sampleTestNg.ListenerExample -->
