<?xml version="1.0" encoding="UTF-8"?>
<!-- Generated by org.testng.reporters.JUnitReportReporter -->
<testsuite ignored="2" hostname="LAPTOP-1OV7NF5L" failures="0" tests="4" name="sampleTestNg.Groupingdemo" time="0.058" errors="0" timestamp="26 Mar 2022 16:12:29 GMT" skipped="0">
  <testcase classname="sampleTestNg.Groupingdemo" name="sub2" time="0.003"/>
  <testcase classname="sampleTestNg.Groupingdemo" name="sub" time="0.008"/>
  <testcase classname="sampleTestNg.Groupingdemo" name="add" time="0.037"/>
  <testcase classname="sampleTestNg.Groupingdemo" name="add1" time="0.010"/>
  <testcase classname="sampleTestNg.Groupingdemo" name="mutply1">
    <skipped/>
  </testcase> <!-- mutply1 -->
  <testcase classname="sampleTestNg.Groupingdemo" name="mutply">
    <skipped/>
  </testcase> <!-- mutply -->
</testsuite> <!-- sampleTestNg.Groupingdemo -->
