<?xml version="1.0" encoding="UTF-8"?>
<!-- Generated by org.testng.reporters.JUnitReportReporter -->
<testsuite ignored="0" hostname="LAPTOP-1OV7NF5L" failures="0" tests="1" name="com.TestCases.TestingProduct" time="4.883" errors="0" timestamp="07 Apr 2022 22:57:01 GMT" skipped="0">
  <testcase classname="com.TestCases.TestingProduct" name="selectDress" time="4.883"/>
</testsuite> <!-- com.TestCases.TestingProduct -->
