<?xml version="1.0" encoding="UTF-8"?>
<!-- Generated by org.testng.reporters.JUnitReportReporter -->
<testsuite ignored="1" hostname="LAPTOP-1OV7NF5L" failures="0" tests="3" name="sampleTestNg.TestNgTestCase" time="0.012" errors="0" timestamp="26 Mar 2022 21:18:48 GMT" skipped="0">
  <testcase classname="sampleTestNg.TestNgTestCase" name="login" time="0.002"/>
  <testcase classname="sampleTestNg.TestNgTestCase" name="profile" time="0.007"/>
  <testcase classname="sampleTestNg.TestNgTestCase" name="accounts" time="0.003"/>
  <testcase classname="sampleTestNg.TestNgTestCase" name="setting">
    <skipped/>
  </testcase> <!-- setting -->
</testsuite> <!-- sampleTestNg.TestNgTestCase -->
