<?xml version="1.0" encoding="UTF-8"?>
<!-- Generated by org.testng.reporters.JUnitReportReporter -->
<testsuite ignored="0" hostname="LAPTOP-1OV7NF5L" failures="0" tests="1" name="com.TestCases.Calender" time="11.808" errors="0" timestamp="04 Apr 2022 20:15:40 GMT" skipped="0">
  <testcase classname="com.TestCases.Calender" name="calender_Remainder" time="11.808"/>
</testsuite> <!-- com.TestCases.Calender -->
