<?xml version="1.0" encoding="UTF-8"?>
<!-- Generated by org.testng.reporters.JUnitReportReporter -->
<testsuite ignored="0" hostname="LAPTOP-1OV7NF5L" failures="0" tests="1" name="com.TestCases.LoginTest01" time="16.004" errors="0" timestamp="31 Mar 2022 17:37:46 GMT" skipped="0">
  <testcase classname="com.TestCases.LoginTest01" name="loginTest" time="16.004"/>
</testsuite> <!-- com.TestCases.LoginTest01 -->
