<?xml version="1.0" encoding="UTF-8"?>
<!-- Generated by org.testng.reporters.JUnitReportReporter -->
<testsuite ignored="0" hostname="LAPTOP-1OV7NF5L" failures="0" tests="1" name="com.TestCases.TestCase08" time="56.892" errors="0" timestamp="07 Apr 2022 22:08:31 GMT" skipped="0">
  <testcase classname="com.TestCases.TestCase08" name="loginPage" time="56.892"/>
</testsuite> <!-- com.TestCases.TestCase08 -->
