<?xml version="1.0" encoding="UTF-8"?>
<!-- Generated by org.testng.reporters.JUnitReportReporter -->
<testsuite ignored="0" hostname="LAPTOP-1OV7NF5L" failures="0" tests="1" name="com.TestCases.TestCase03" time="29.207" errors="0" timestamp="03 Apr 2022 13:10:35 GMT" skipped="0">
  <testcase classname="com.TestCases.TestCase03" name="test" time="29.207"/>
</testsuite> <!-- com.TestCases.TestCase03 -->
