<?xml version="1.0" encoding="UTF-8"?>
<!-- Generated by org.testng.reporters.JUnitReportReporter -->
<testsuite ignored="0" hostname="LAPTOP-1OV7NF5L" failures="0" tests="1" name="com.TestCases.TestCase06" time="13.466" errors="0" timestamp="04 Apr 2022 19:45:25 GMT" skipped="0">
  <testcase classname="com.TestCases.TestCase06" name="search" time="13.466"/>
</testsuite> <!-- com.TestCases.TestCase06 -->
