<?xml version="1.0" encoding="UTF-8"?>
<!-- Generated by org.testng.reporters.JUnitReportReporter -->
<testsuite ignored="0" hostname="LAPTOP-1OV7NF5L" failures="0" tests="1" name="com.TestCases.WebTable" time="1.176" errors="0" timestamp="08 Apr 2022 21:15:07 GMT" skipped="0">
  <testcase classname="com.TestCases.WebTable" name="colomns" time="1.176"/>
</testsuite> <!-- com.TestCases.WebTable -->
